# JRE version: OpenJDK Runtime Environment Temurin-17.0.3+7 (17.0.3+7) (build 17.0.3+7)
# Java VM: OpenJDK 64-Bit Server VM Temurin-17.0.3+7 (17.0.3+7, mixed mode, sharing, tiered, compressed oops, compressed class ptrs, g1 gc, windows-amd64)
GC Precious Log:
 CPUs: 4 total, 4 available
 Memory: 16382M
 Large Page Support: Disabled
 NUMA Support: Disabled
 Compressed Oops: Enabled (Zero based)
 Heap Region Size: 2M
 Heap Min Capacity: 512M
 Heap Initial Capacity: 512M
 Heap Max Capacity: 4072M
 Pre-touch: Disabled
 Parallel Workers: 4
 Concurrent Workers: 1
 Concurrent Refinement Workers: 4
 Periodic GC: Disabled
 String Deduplication is enabled
Heap:
 garbage-first heap   total 524288K, used 151203K [0x0000000701800000, 0x0000000800000000)
  region size 2048K, 20 young (40960K), 0 survivors (0K)
 Metaspace       used 92976K, committed 93760K, reserved 1130496K
  class space    used 12856K, committed 13376K, reserved 1048576K
GC Heap History (20 events):
Event: 13217.478 GC heap before
{Heap before GC invocations=713 (full 496):
 garbage-first heap   total 524288K, used 114423K [0x0000000701800000, 0x0000000800000000)
  region size 2048K, 3 young (6144K), 0 survivors (0K)
 Metaspace       used 92917K, committed 93632K, reserved 1130496K
  class space    used 12856K, committed 13376K, reserved 1048576K
}
Event: 13217.591 GC heap after
{Heap after GC invocations=714 (full 497):
 garbage-first heap   total 524288K, used 110444K [0x0000000701800000, 0x0000000800000000)
  region size 2048K, 0 young (0K), 0 survivors (0K)
 Metaspace       used 92917K, committed 93632K, reserved 1130496K
  class space    used 12856K, committed 13376K, reserved 1048576K
}
Event: 13240.482 GC heap before
{Heap before GC invocations=714 (full 497):
 garbage-first heap   total 524288K, used 135020K [0x0000000701800000, 0x0000000800000000)
  region size 2048K, 13 young (26624K), 0 survivors (0K)
 Metaspace       used 92918K, committed 93632K, reserved 1130496K
  class space    used 12856K, committed 13376K, reserved 1048576K
}
Event: 13240.599 GC heap after
{Heap after GC invocations=715 (full 498):
 garbage-first heap   total 524288K, used 110354K [0x0000000701800000, 0x0000000800000000)
  region size 2048K, 0 young (0K), 0 survivors (0K)
 Metaspace       used 92918K, committed 93632K, reserved 1130496K
  class space    used 12856K, committed 13376K, reserved 1048576K
}
Event: 13241.283 GC heap before
{Heap before GC invocations=715 (full 498):
 garbage-first heap   total 524288K, used 112402K [0x0000000701800000, 0x0000000800000000)
  region size 2048K, 2 young (4096K), 0 survivors (0K)
 Metaspace       used 92918K, committed 93632K, reserved 1130496K
  class space    used 12856K, committed 13376K, reserved 1048576K
}
Event: 13241.397 GC heap after
{Heap after GC invocations=716 (full 499):
 garbage-first heap   total 524288K, used 110383K [0x0000000701800000, 0x0000000800000000)
  region size 2048K, 0 young (0K), 0 survivors (0K)
 Metaspace       used 92918K, committed 93632K, reserved 1130496K
  class space    used 12856K, committed 13376K, reserved 1048576K
}
Event: 13241.945 GC heap before
{Heap before GC invocations=716 (full 499):
 garbage-first heap   total 524288K, used 114479K [0x0000000701800000, 0x0000000800000000)
  region size 2048K, 3 young (6144K), 0 survivors (0K)
 Metaspace       used 92918K, committed 93632K, reserved 1130496K
  class space    used 12856K, committed 13376K, reserved 1048576K
}
Event: 13242.061 GC heap after
{Heap after GC invocations=717 (full 500):
 garbage-first heap   total 524288K, used 110449K [0x0000000701800000, 0x0000000800000000)
  region size 2048K, 0 young (0K), 0 survivors (0K)
 Metaspace       used 92918K, committed 93632K, reserved 1130496K
  class space    used 12856K, committed 13376K, reserved 1048576K
}
Event: 13276.920 GC heap before
{Heap before GC invocations=717 (full 500):
 garbage-first heap   total 524288K, used 190321K [0x0000000701800000, 0x0000000800000000)
  region size 2048K, 40 young (81920K), 0 survivors (0K)
 Metaspace       used 92918K, committed 93632K, reserved 1130496K
  class space    used 12856K, committed 13376K, reserved 1048576K
}
Event: 13276.922 GC heap after
{Heap after GC invocations=718 (full 500):
 garbage-first heap   total 524288K, used 110813K [0x0000000701800000, 0x0000000800000000)
  region size 2048K, 1 young (2048K), 1 survivors (2048K)
 Metaspace       used 92918K, committed 93632K, reserved 1130496K
  class space    used 12856K, committed 13376K, reserved 1048576K
}
Event: 13283.645 GC heap before
{Heap before GC invocations=718 (full 500):
 garbage-first heap   total 524288K, used 190685K [0x0000000701800000, 0x0000000800000000)
  region size 2048K, 40 young (81920K), 1 survivors (2048K)
 Metaspace       used 92956K, committed 93696K, reserved 1130496K
  class space    used 12856K, committed 13376K, reserved 1048576K
}
Event: 13283.651 GC heap after
{Heap after GC invocations=719 (full 500):
 garbage-first heap   total 524288K, used 113375K [0x0000000701800000, 0x0000000800000000)
  region size 2048K, 2 young (4096K), 2 survivors (4096K)
 Metaspace       used 92956K, committed 93696K, reserved 1130496K
  class space    used 12856K, committed 13376K, reserved 1048576K
}
Event: 13291.573 GC heap before
{Heap before GC invocations=719 (full 500):
 garbage-first heap   total 524288K, used 191199K [0x0000000701800000, 0x0000000800000000)
  region size 2048K, 40 young (81920K), 2 survivors (4096K)
 Metaspace       used 92956K, committed 93696K, reserved 1130496K
  class space    used 12856K, committed 13376K, reserved 1048576K
}
Event: 13291.579 GC heap after
{Heap after GC invocations=720 (full 500):
 garbage-first heap   total 524288K, used 113565K [0x0000000701800000, 0x0000000800000000)
  region size 2048K, 2 young (4096K), 2 survivors (4096K)
 Metaspace       used 92956K, committed 93696K, reserved 1130496K
  class space    used 12856K, committed 13376K, reserved 1048576K
}
Event: 13297.078 GC heap before
{Heap before GC invocations=720 (full 500):
 garbage-first heap   total 524288K, used 191389K [0x0000000701800000, 0x0000000800000000)
  region size 2048K, 40 young (81920K), 2 survivors (4096K)
 Metaspace       used 92966K, committed 93760K, reserved 1130496K
  class space    used 12856K, committed 13376K, reserved 1048576K
}
Event: 13297.086 GC heap after
{Heap after GC invocations=721 (full 500):
 garbage-first heap   total 524288K, used 116593K [0x0000000701800000, 0x0000000800000000)
  region size 2048K, 3 young (6144K), 3 survivors (6144K)
 Metaspace       used 92966K, committed 93760K, reserved 1130496K
  class space    used 12856K, committed 13376K, reserved 1048576K
}
Event: 13297.373 GC heap before
{Heap before GC invocations=721 (full 500):
 garbage-first heap   total 524288K, used 135025K [0x0000000701800000, 0x0000000800000000)
  region size 2048K, 13 young (26624K), 3 survivors (6144K)
 Metaspace       used 92966K, committed 93760K, reserved 1130496K
  class space    used 12856K, committed 13376K, reserved 1048576K
}
Event: 13297.485 GC heap after
{Heap after GC invocations=722 (full 501):
 garbage-first heap   total 524288K, used 112001K [0x0000000701800000, 0x0000000800000000)
  region size 2048K, 0 young (0K), 0 survivors (0K)
 Metaspace       used 92966K, committed 93760K, reserved 1130496K
  class space    used 12856K, committed 13376K, reserved 1048576K
}
Event: 13300.883 GC heap before
{Heap before GC invocations=722 (full 501):
 garbage-first heap   total 524288K, used 185729K [0x0000000701800000, 0x0000000800000000)
  region size 2048K, 37 young (75776K), 0 survivors (0K)
 Metaspace       used 92974K, committed 93760K, reserved 1130496K
  class space    used 12856K, committed 13376K, reserved 1048576K
}
Event: 13300.998 GC heap after
{Heap after GC invocations=723 (full 502):
 garbage-first heap   total 524288K, used 112291K [0x0000000701800000, 0x0000000800000000)
  region size 2048K, 0 young (0K), 0 survivors (0K)
 Metaspace       used 92974K, committed 93760K, reserved 1130496K
  class space    used 12856K, committed 13376K, reserved 1048576K
}

